frontend/build/app/intermediates/manifest_merge_blame_file/release/manifest-merger-blame-release-report.txt
1<?xml version="1.0" encoding="utf-8"?>
2<manifest xmlns:android="http://schemas.android.com/apk/res/android"
3    package="com.example.bus"
4    android:versionCode="2"
5    android:versionName="1.0.0" >
6
7    <uses-sdk
8        android:minSdkVersion="21"
9        android:targetSdkVersion="35" />
10
11    <uses-permission android:name="android.permission.INTERNET" />
11-->src/main/AndroidManifest.xml:3:5-66
11-->src/main/AndroidManifest.xml:3:22-64
12    <uses-permission android:name="android.permission.CAMERA" />
12-->src/main/AndroidManifest.xml:4:5-65
12-->src/main/AndroidManifest.xml:4:22-62
13    <uses-permission android:name="android.permission.FLASHLIGHT" />
13-->src/main/AndroidManifest.xml:5:5-69
13-->src/main/AndroidManifest.xml:5:22-66
14    <uses-permission android:name="android.permission.ACCESS_FINE_LOCATION" />
14-->src/main/AndroidManifest.xml:6:5-78
14-->src/main/AndroidManifest.xml:6:22-76
15    <uses-permission android:name="android.permission.ACCESS_COARSE_LOCATION" />
15-->src/main/AndroidManifest.xml:7:5-80
15-->src/main/AndroidManifest.xml:7:22-78
16    <!--
17         Required to query activities that can process text, see:
18         https://developer.android.com/training/package-visibility and
19         https://developer.android.com/reference/android/content/Intent#ACTION_PROCESS_TEXT.
20
21         In particular, this is used by the Flutter engine in io.flutter.plugin.text.ProcessTextPlugin.
22    -->
23    <queries>
23-->src/main/AndroidManifest.xml:49:5-54:15
24        <intent>
24-->src/main/AndroidManifest.xml:50:9-53:18
25            <action android:name="android.intent.action.PROCESS_TEXT" />
25-->src/main/AndroidManifest.xml:51:13-72
25-->src/main/AndroidManifest.xml:51:21-70
26
27            <data android:mimeType="text/plain" />
27-->src/main/AndroidManifest.xml:52:13-50
27-->src/main/AndroidManifest.xml:52:19-48
28        </intent>
29    </queries>
30
31    <uses-feature
31-->[:mobile_scanner] AndroidManifest.xml:9:5-11:36
32        android:name="android.hardware.camera"
32-->[:mobile_scanner] AndroidManifest.xml:10:9-47
33        android:required="false" />
33-->[:mobile_scanner] AndroidManifest.xml:11:9-33
34
35    <permission
35-->[androidx.core:core:1.13.1] AndroidManifest.xml:22:5-24:47
36        android:name="com.example.bus.DYNAMIC_RECEIVER_NOT_EXPORTED_PERMISSION"
36-->[androidx.core:core:1.13.1] AndroidManifest.xml:23:9-81
37        android:protectionLevel="signature" />
37-->[androidx.core:core:1.13.1] AndroidManifest.xml:24:9-44
38
39    <uses-permission android:name="com.example.bus.DYNAMIC_RECEIVER_NOT_EXPORTED_PERMISSION" /> <!-- Although the *SdkVersion is captured in gradle build files, this is required for non gradle builds -->
39-->[androidx.core:core:1.13.1] AndroidManifest.xml:26:5-97
39-->[androidx.core:core:1.13.1] AndroidManifest.xml:26:22-94
40    <!-- <uses-sdk android:minSdkVersion="14"/> -->
41    <uses-permission android:name="android.permission.ACCESS_NETWORK_STATE" />
41-->[com.google.android.datatransport:transport-backend-cct:2.3.3] AndroidManifest.xml:25:5-79
41-->[com.google.android.datatransport:transport-backend-cct:2.3.3] AndroidManifest.xml:25:22-76
42
43    <application
44        android:name="android.app.Application"
44-->src/main/AndroidManifest.xml:11:9-42
45        android:appComponentFactory="androidx.core.app.CoreComponentFactory"
45-->[androidx.core:core:1.13.1] AndroidManifest.xml:28:18-86
46        android:extractNativeLibs="true"
47        android:icon="@mipmap/ic_launcher"
47-->src/main/AndroidManifest.xml:12:9-43
48        android:label="Bus Tracker" >
48-->src/main/AndroidManifest.xml:10:9-36
49        <meta-data
49-->src/main/AndroidManifest.xml:13:9-15:55
50            android:name="com.google.android.geo.API_KEY"
50-->src/main/AndroidManifest.xml:14:13-58
51            android:value="YOUR_GOOGLE_MAPS_API_KEY" />
51-->src/main/AndroidManifest.xml:15:13-53
52
53        <activity
53-->src/main/AndroidManifest.xml:16:9-37:20
54            android:name="com.example.bus.MainActivity"
54-->src/main/AndroidManifest.xml:17:13-41
55            android:configChanges="orientation|keyboardHidden|keyboard|screenSize|smallestScreenSize|locale|layoutDirection|fontScale|screenLayout|density|uiMode"
55-->src/main/AndroidManifest.xml:22:13-163
56            android:exported="true"
56-->src/main/AndroidManifest.xml:18:13-36
57            android:hardwareAccelerated="true"
57-->src/main/AndroidManifest.xml:23:13-47
58            android:launchMode="singleTop"
58-->src/main/AndroidManifest.xml:19:13-43
59            android:taskAffinity=""
59-->src/main/AndroidManifest.xml:20:13-36
60            android:theme="@style/LaunchTheme"
60-->src/main/AndroidManifest.xml:21:13-47
61            android:windowSoftInputMode="adjustResize" >
61-->src/main/AndroidManifest.xml:24:13-55
62
63            <!--
64                 Specifies an Android theme to apply to this Activity as soon as
65                 the Android process has started. This theme is visible to the user
66                 while the Flutter UI initializes. After that, this theme continues
67                 to determine the Window background behind the Flutter UI.
68            -->
69            <meta-data
69-->src/main/AndroidManifest.xml:29:13-32:17
70                android:name="io.flutter.embedding.android.NormalTheme"
70-->src/main/AndroidManifest.xml:30:15-70
71                android:resource="@style/NormalTheme" />
71-->src/main/AndroidManifest.xml:31:15-52
72
73            <intent-filter>
73-->src/main/AndroidManifest.xml:33:13-36:29
74                <action android:name="android.intent.action.MAIN" />
74-->src/main/AndroidManifest.xml:34:17-68
74-->src/main/AndroidManifest.xml:34:25-66
75
76                <category android:name="android.intent.category.LAUNCHER" />
76-->src/main/AndroidManifest.xml:35:17-76
76-->src/main/AndroidManifest.xml:35:27-74
77            </intent-filter>
78        </activity>
79        <!--
80             Don't delete the meta-data below.
81             This is used by the Flutter tool to generate GeneratedPluginRegistrant.java
82        -->
83        <meta-data
83-->src/main/AndroidManifest.xml:40:9-42:33
84            android:name="flutterEmbedding"
84-->src/main/AndroidManifest.xml:41:13-44
85            android:value="2" />
85-->src/main/AndroidManifest.xml:42:13-30
86
87        <service
87-->[:geolocator_android] AndroidManifest.xml:8:9-12:56
88            android:name="com.baseflow.geolocator.GeolocatorLocationService"
88-->[:geolocator_android] AndroidManifest.xml:9:13-77
89            android:enabled="true"
89-->[:geolocator_android] AndroidManifest.xml:10:13-35
90            android:exported="false"
90-->[:geolocator_android] AndroidManifest.xml:11:13-37
91            android:foregroundServiceType="location" />
91-->[:geolocator_android] AndroidManifest.xml:12:13-53
92        <!--
93        Service for holding metadata. Cannot be instantiated.
94        Metadata will be merged from other manifests.
95        -->
96        <service
96-->[androidx.camera:camera-core:1.3.1] AndroidManifest.xml:29:9-33:78
97            android:name="androidx.camera.core.impl.MetadataHolderService"
97-->[androidx.camera:camera-core:1.3.1] AndroidManifest.xml:30:13-75
98            android:enabled="false"
98-->[androidx.camera:camera-core:1.3.1] AndroidManifest.xml:31:13-36
99            android:exported="false" >
99-->[androidx.camera:camera-core:1.3.1] AndroidManifest.xml:32:13-37
100            <meta-data
100-->[androidx.camera:camera-camera2:1.3.1] AndroidManifest.xml:30:13-32:89
101                android:name="androidx.camera.core.impl.MetadataHolderService.DEFAULT_CONFIG_PROVIDER"
101-->[androidx.camera:camera-camera2:1.3.1] AndroidManifest.xml:31:17-103
102                android:value="androidx.camera.camera2.Camera2Config$DefaultProvider" />
102-->[androidx.camera:camera-camera2:1.3.1] AndroidManifest.xml:32:17-86
103        </service>
104        <service
104-->[com.google.android.gms:play-services-mlkit-barcode-scanning:18.3.0] AndroidManifest.xml:9:9-15:19
105            android:name="com.google.mlkit.common.internal.MlKitComponentDiscoveryService"
105-->[com.google.android.gms:play-services-mlkit-barcode-scanning:18.3.0] AndroidManifest.xml:10:13-91
106            android:directBootAware="true"
106-->[com.google.mlkit:common:18.9.0] AndroidManifest.xml:17:13-43
107            android:exported="false" >
107-->[com.google.android.gms:play-services-mlkit-barcode-scanning:18.3.0] AndroidManifest.xml:11:13-37
108            <meta-data
108-->[com.google.android.gms:play-services-mlkit-barcode-scanning:18.3.0] AndroidManifest.xml:12:13-14:85
109                android:name="com.google.firebase.components:com.google.mlkit.vision.barcode.internal.BarcodeRegistrar"
109-->[com.google.android.gms:play-services-mlkit-barcode-scanning:18.3.0] AndroidManifest.xml:13:17-120
110                android:value="com.google.firebase.components.ComponentRegistrar" />
110-->[com.google.android.gms:play-services-mlkit-barcode-scanning:18.3.0] AndroidManifest.xml:14:17-82
111            <meta-data
111-->[com.google.mlkit:vision-common:17.3.0] AndroidManifest.xml:12:13-14:85
112                android:name="com.google.firebase.components:com.google.mlkit.vision.common.internal.VisionCommonRegistrar"
112-->[com.google.mlkit:vision-common:17.3.0] AndroidManifest.xml:13:17-124
113                android:value="com.google.firebase.components.ComponentRegistrar" />
113-->[com.google.mlkit:vision-common:17.3.0] AndroidManifest.xml:14:17-82
114            <meta-data
114-->[com.google.mlkit:common:18.9.0] AndroidManifest.xml:20:13-22:85
115                android:name="com.google.firebase.components:com.google.mlkit.common.internal.CommonComponentRegistrar"
115-->[com.google.mlkit:common:18.9.0] AndroidManifest.xml:21:17-120
116                android:value="com.google.firebase.components.ComponentRegistrar" />
116-->[com.google.mlkit:common:18.9.0] AndroidManifest.xml:22:17-82
117        </service>
118
119        <provider
119-->[com.google.mlkit:common:18.9.0] AndroidManifest.xml:9:9-13:38
120            android:name="com.google.mlkit.common.internal.MlKitInitProvider"
120-->[com.google.mlkit:common:18.9.0] AndroidManifest.xml:10:13-78
121            android:authorities="com.example.bus.mlkitinitprovider"
121-->[com.google.mlkit:common:18.9.0] AndroidManifest.xml:11:13-69
122            android:exported="false"
122-->[com.google.mlkit:common:18.9.0] AndroidManifest.xml:12:13-37
123            android:initOrder="99" />
123-->[com.google.mlkit:common:18.9.0] AndroidManifest.xml:13:13-35
124
125        <activity
125-->[com.google.android.gms:play-services-base:18.3.0] AndroidManifest.xml:20:9-22:45
126            android:name="com.google.android.gms.common.api.GoogleApiActivity"
126-->[com.google.android.gms:play-services-base:18.3.0] AndroidManifest.xml:20:19-85
127            android:exported="false"
127-->[com.google.android.gms:play-services-base:18.3.0] AndroidManifest.xml:22:19-43
128            android:theme="@android:style/Theme.Translucent.NoTitleBar" />
128-->[com.google.android.gms:play-services-base:18.3.0] AndroidManifest.xml:21:19-78
129
130        <meta-data
130-->[com.google.android.gms:play-services-basement:18.3.0] AndroidManifest.xml:21:9-23:69
131            android:name="com.google.android.gms.version"
131-->[com.google.android.gms:play-services-basement:18.3.0] AndroidManifest.xml:22:13-58
132            android:value="@integer/google_play_services_version" />
132-->[com.google.android.gms:play-services-basement:18.3.0] AndroidManifest.xml:23:13-66
133
134        <uses-library
134-->[androidx.window:window:1.2.0] AndroidManifest.xml:23:9-25:40
135            android:name="androidx.window.extensions"
135-->[androidx.window:window:1.2.0] AndroidManifest.xml:24:13-54
136            android:required="false" />
136-->[androidx.window:window:1.2.0] AndroidManifest.xml:25:13-37
137        <uses-library
137-->[androidx.window:window:1.2.0] AndroidManifest.xml:26:9-28:40
138            android:name="androidx.window.sidecar"
138-->[androidx.window:window:1.2.0] AndroidManifest.xml:27:13-51
139            android:required="false" />
139-->[androidx.window:window:1.2.0] AndroidManifest.xml:28:13-37
140
141        <provider
141-->[androidx.lifecycle:lifecycle-process:2.7.0] AndroidManifest.xml:24:9-32:20
142            android:name="androidx.startup.InitializationProvider"
142-->[androidx.lifecycle:lifecycle-process:2.7.0] AndroidManifest.xml:25:13-67
143            android:authorities="com.example.bus.androidx-startup"
143-->[androidx.lifecycle:lifecycle-process:2.7.0] AndroidManifest.xml:26:13-68
144            android:exported="false" >
144-->[androidx.lifecycle:lifecycle-process:2.7.0] AndroidManifest.xml:27:13-37
145            <meta-data
145-->[androidx.lifecycle:lifecycle-process:2.7.0] AndroidManifest.xml:29:13-31:52
146                android:name="androidx.lifecycle.ProcessLifecycleInitializer"
146-->[androidx.lifecycle:lifecycle-process:2.7.0] AndroidManifest.xml:30:17-78
147                android:value="androidx.startup" />
147-->[androidx.lifecycle:lifecycle-process:2.7.0] AndroidManifest.xml:31:17-49
148            <meta-data
148-->[androidx.profileinstaller:profileinstaller:1.3.1] AndroidManifest.xml:29:13-31:52
149                android:name="androidx.profileinstaller.ProfileInstallerInitializer"
149-->[androidx.profileinstaller:profileinstaller:1.3.1] AndroidManifest.xml:30:17-85
150                android:value="androidx.startup" />
150-->[androidx.profileinstaller:profileinstaller:1.3.1] AndroidManifest.xml:31:17-49
151        </provider>
152
153        <receiver
153-->[androidx.profileinstaller:profileinstaller:1.3.1] AndroidManifest.xml:34:9-52:20
154            android:name="androidx.profileinstaller.ProfileInstallReceiver"
154-->[androidx.profileinstaller:profileinstaller:1.3.1] AndroidManifest.xml:35:13-76
155            android:directBootAware="false"
155-->[androidx.profileinstaller:profileinstaller:1.3.1] AndroidManifest.xml:36:13-44
156            android:enabled="true"
156-->[androidx.profileinstaller:profileinstaller:1.3.1] AndroidManifest.xml:37:13-35
157            android:exported="true"
157-->[androidx.profileinstaller:profileinstaller:1.3.1] AndroidManifest.xml:38:13-36
158            android:permission="android.permission.DUMP" >
158-->[androidx.profileinstaller:profileinstaller:1.3.1] AndroidManifest.xml:39:13-57
159            <intent-filter>
159-->[androidx.profileinstaller:profileinstaller:1.3.1] AndroidManifest.xml:40:13-42:29
160                <action android:name="androidx.profileinstaller.action.INSTALL_PROFILE" />
160-->[androidx.profileinstaller:profileinstaller:1.3.1] AndroidManifest.xml:41:17-91
160-->[androidx.profileinstaller:profileinstaller:1.3.1] AndroidManifest.xml:41:25-88
161            </intent-filter>
162            <intent-filter>
162-->[androidx.profileinstaller:profileinstaller:1.3.1] AndroidManifest.xml:43:13-45:29
163                <action android:name="androidx.profileinstaller.action.SKIP_FILE" />
163-->[androidx.profileinstaller:profileinstaller:1.3.1] AndroidManifest.xml:44:17-85
163-->[androidx.profileinstaller:profileinstaller:1.3.1] AndroidManifest.xml:44:25-82
164            </intent-filter>
165            <intent-filter>
165-->[androidx.profileinstaller:profileinstaller:1.3.1] AndroidManifest.xml:46:13-48:29
166                <action android:name="androidx.profileinstaller.action.SAVE_PROFILE" />
166-->[androidx.profileinstaller:profileinstaller:1.3.1] AndroidManifest.xml:47:17-88
166-->[androidx.profileinstaller:profileinstaller:1.3.1] AndroidManifest.xml:47:25-85
167            </intent-filter>
168            <intent-filter>
168-->[androidx.profileinstaller:profileinstaller:1.3.1] AndroidManifest.xml:49:13-51:29
169                <action android:name="androidx.profileinstaller.action.BENCHMARK_OPERATION" />
169-->[androidx.profileinstaller:profileinstaller:1.3.1] AndroidManifest.xml:50:17-95
169-->[androidx.profileinstaller:profileinstaller:1.3.1] AndroidManifest.xml:50:25-92
170            </intent-filter>
171        </receiver>
172
173        <service
173-->[com.google.android.datatransport:transport-backend-cct:2.3.3] AndroidManifest.xml:29:9-35:19
174            android:name="com.google.android.datatransport.runtime.backends.TransportBackendDiscovery"
174-->[com.google.android.datatransport:transport-backend-cct:2.3.3] AndroidManifest.xml:30:13-103
175            android:exported="false" >
175-->[com.google.android.datatransport:transport-backend-cct:2.3.3] AndroidManifest.xml:31:13-37
176            <meta-data
176-->[com.google.android.datatransport:transport-backend-cct:2.3.3] AndroidManifest.xml:32:13-34:39
177                android:name="backend:com.google.android.datatransport.cct.CctBackendFactory"
177-->[com.google.android.datatransport:transport-backend-cct:2.3.3] AndroidManifest.xml:33:17-94
178                android:value="cct" />
178-->[com.google.android.datatransport:transport-backend-cct:2.3.3] AndroidManifest.xml:34:17-36
179        </service>
180        <service
180-->[com.google.android.datatransport:transport-runtime:2.2.6] AndroidManifest.xml:26:9-30:19
181            android:name="com.google.android.datatransport.runtime.scheduling.jobscheduling.JobInfoSchedulerService"
181-->[com.google.android.datatransport:transport-runtime:2.2.6] AndroidManifest.xml:27:13-117
182            android:exported="false"
182-->[com.google.android.datatransport:transport-runtime:2.2.6] AndroidManifest.xml:28:13-37
183            android:permission="android.permission.BIND_JOB_SERVICE" >
183-->[com.google.android.datatransport:transport-runtime:2.2.6] AndroidManifest.xml:29:13-69
184        </service>
185
186        <receiver
186-->[com.google.android.datatransport:transport-runtime:2.2.6] AndroidManifest.xml:32:9-34:40
187            android:name="com.google.android.datatransport.runtime.scheduling.jobscheduling.AlarmManagerSchedulerBroadcastReceiver"
187-->[com.google.android.datatransport:transport-runtime:2.2.6] AndroidManifest.xml:33:13-132
188            android:exported="false" />
188-->[com.google.android.datatransport:transport-runtime:2.2.6] AndroidManifest.xml:34:13-37
189    </application>
190
191</manifest>